[debug] [2020-12-09T22:23:55.562Z] ----------------------------------------------------------------------
[debug] [2020-12-09T22:23:55.564Z] Command:       C:\Program Files\nodejs\node.exe C:\Users\ffeno\AppData\Roaming\npm\node_modules\firebase-tools\lib\bin\firebase.js init
[debug] [2020-12-09T22:23:55.565Z] CLI Version:   8.18.0
[debug] [2020-12-09T22:23:55.565Z] Platform:      win32
[debug] [2020-12-09T22:23:55.565Z] Node Version:  v15.3.0
[debug] [2020-12-09T22:23:55.566Z] Time:          Thu Dec 10 2020 01:23:55 GMT+0300 (heure normale de Moscou)
[debug] [2020-12-09T22:23:55.566Z] ----------------------------------------------------------------------
[debug] [2020-12-09T22:23:55.566Z] 
[debug] [2020-12-09T22:23:55.571Z] > command requires scopes: ["email","openid","https://www.googleapis.com/auth/cloudplatformprojects.readonly","https://www.googleapis.com/auth/firebase","https://www.googleapis.com/auth/cloud-platform"]
[debug] [2020-12-09T22:23:55.572Z] > authorizing via signed-in user
[info] 
     ######## #### ########  ######## ########     ###     ######  ########
     ##        ##  ##     ## ##       ##     ##  ##   ##  ##       ##
     ######    ##  ########  ######   ########  #########  ######  ######
     ##        ##  ##    ##  ##       ##     ## ##     ##       ## ##
     ##       #### ##     ## ######## ########  ##     ##  ######  ########

You're about to initialize a Firebase project in this directory:

  D:\responsive-landing-page-coffee3d

[info] 
=== Project Setup
[info] 
[info] First, let's associate this project directory with a Firebase project.
[info] You can create multiple project aliases by running firebase use --add, 
[info] but for now we'll just set up a default project.
[info] 
[debug] [2020-12-09T22:24:22.855Z] > refreshing access token with scopes: ["email","https://www.googleapis.com/auth/cloud-platform","https://www.googleapis.com/auth/cloudplatformprojects.readonly","https://www.googleapis.com/auth/firebase","openid"]
[debug] [2020-12-09T22:24:22.856Z] >>> HTTP REQUEST POST https://www.googleapis.com/oauth2/v3/token  
 <request body omitted>
[debug] [2020-12-09T22:24:57.783Z] Authentication Error: Your credentials are no longer valid. Please run firebase login --reauth

For CI servers and headless environments, generate a new token with firebase login:ci
[debug] [2020-12-09T22:24:58.264Z] FirebaseError: Authentication Error: Your credentials are no longer valid. Please run firebase login --reauth

For CI servers and headless environments, generate a new token with firebase login:ci
    at Object.<anonymous> (C:\Users\ffeno\AppData\Roaming\npm\node_modules\firebase-tools\lib\auth.js:23:32)
    at Module._compile (node:internal/modules/cjs/loader:1102:14)
    at Object.Module._extensions..js (node:internal/modules/cjs/loader:1131:10)
    at Module.load (node:internal/modules/cjs/loader:967:32)
    at Function.Module._load (node:internal/modules/cjs/loader:807:14)
    at Module.require (node:internal/modules/cjs/loader:991:19)
    at require (node:internal/modules/cjs/helpers:92:18)
    at Object.<anonymous> (C:\Users\ffeno\AppData\Roaming\npm\node_modules\firebase-tools\lib\init\features\hosting\github.js:20:16)
    at Module._compile (node:internal/modules/cjs/loader:1102:14)
    at Object.Module._extensions..js (node:internal/modules/cjs/loader:1131:10)
    at Module.load (node:internal/modules/cjs/loader:967:32)
    at Function.Module._load (node:internal/modules/cjs/loader:807:14)
    at Module.require (node:internal/modules/cjs/loader:991:19)
    at require (node:internal/modules/cjs/helpers:92:18)
    at Object.<anonymous> (C:\Users\ffeno\AppData\Roaming\npm\node_modules\firebase-tools\lib\init\features\hosting\index.js:5:24)
    at Module._compile (node:internal/modules/cjs/loader:1102:14)
[error] 
[error] Error: Failed to list Firebase projects. See firebase-debug.log for more info.
[debug] [2020-12-09T22:32:55.072Z] ----------------------------------------------------------------------
[debug] [2020-12-09T22:32:55.075Z] Command:       C:\Program Files\nodejs\node.exe C:\Users\ffeno\AppData\Roaming\npm\node_modules\firebase-tools\lib\bin\firebase.js init
[debug] [2020-12-09T22:32:55.076Z] CLI Version:   8.18.0
[debug] [2020-12-09T22:32:55.076Z] Platform:      win32
[debug] [2020-12-09T22:32:55.076Z] Node Version:  v15.3.0
[debug] [2020-12-09T22:32:55.077Z] Time:          Thu Dec 10 2020 01:32:55 GMT+0300 (heure normale de Moscou)
[debug] [2020-12-09T22:32:55.078Z] ----------------------------------------------------------------------
[debug] [2020-12-09T22:32:55.078Z] 
[debug] [2020-12-09T22:32:55.084Z] > command requires scopes: ["email","openid","https://www.googleapis.com/auth/cloudplatformprojects.readonly","https://www.googleapis.com/auth/firebase","https://www.googleapis.com/auth/cloud-platform"]
[debug] [2020-12-09T22:32:55.085Z] > authorizing via signed-in user
[info] 
     ######## #### ########  ######## ########     ###     ######  ########
     ##        ##  ##     ## ##       ##     ##  ##   ##  ##       ##
     ######    ##  ########  ######   ########  #########  ######  ######
     ##        ##  ##    ##  ##       ##     ## ##     ##       ## ##
     ##       #### ##     ## ######## ########  ##     ##  ######  ########

You're about to initialize a Firebase project in this directory:

  D:\responsive-landing-page-coffee3d

[info] 
=== Project Setup
[info] 
[info] First, let's associate this project directory with a Firebase project.
[info] You can create multiple project aliases by running firebase use --add, 
[info] but for now we'll just set up a default project.
[info] 
[debug] [2020-12-09T22:33:10.079Z] > refreshing access token with scopes: ["email","https://www.googleapis.com/auth/cloud-platform","https://www.googleapis.com/auth/cloudplatformprojects.readonly","https://www.googleapis.com/auth/firebase","openid"]
[debug] [2020-12-09T22:33:10.079Z] >>> HTTP REQUEST POST https://www.googleapis.com/oauth2/v3/token  
 <request body omitted>
[debug] [2020-12-09T22:33:10.626Z] <<< HTTP RESPONSE 200 {"pragma":"no-cache","date":"Wed, 09 Dec 2020 22:33:10 GMT","expires":"Mon, 01 Jan 1990 00:00:00 GMT","cache-control":"no-cache, no-store, max-age=0, must-revalidate","content-type":"application/json; charset=utf-8","vary":"X-Origin, Referer, Origin,Accept-Encoding","server":"scaffolding on HTTPServer2","x-xss-protection":"0","x-frame-options":"SAMEORIGIN","x-content-type-options":"nosniff","alt-svc":"h3-29=\":443\"; ma=2592000,h3-T051=\":443\"; ma=2592000,h3-Q050=\":443\"; ma=2592000,h3-Q046=\":443\"; ma=2592000,h3-Q043=\":443\"; ma=2592000,quic=\":443\"; ma=2592000; v=\"46,43\"","accept-ranges":"none","transfer-encoding":"chunked"}
[debug] [2020-12-09T22:33:10.650Z] >>> HTTP REQUEST GET https://firebase.googleapis.com/v1beta1/projects?pageSize=100  
 
[debug] [2020-12-09T22:33:11.582Z] <<< HTTP RESPONSE 200 {"content-type":"application/json; charset=UTF-8","vary":"X-Origin, Referer, Origin,Accept-Encoding","date":"Wed, 09 Dec 2020 22:33:11 GMT","server":"ESF","cache-control":"private","x-xss-protection":"0","x-frame-options":"SAMEORIGIN","x-content-type-options":"nosniff","alt-svc":"h3-29=\":443\"; ma=2592000,h3-T051=\":443\"; ma=2592000,h3-Q050=\":443\"; ma=2592000,h3-Q046=\":443\"; ma=2592000,h3-Q043=\":443\"; ma=2592000,quic=\":443\"; ma=2592000; v=\"46,43\"","accept-ranges":"none","transfer-encoding":"chunked"}
[info] i  Using project apollonlab (apollonlab) 
[info] 
=== Hosting Setup
[info] 
[info] Your public directory is the folder (relative to your project directory) that
[info] will contain Hosting assets to be uploaded with firebase deploy. If you
[info] have a build process for your assets, use your build's output directory.
[info] 
[debug] [2020-12-09T22:33:39.739Z] >>> [apiv2][query] GET https://www.gstatic.com/firebasejs/releases.json [none]
[debug] [2020-12-09T22:33:40.229Z] <<< [apiv2][status] GET https://www.gstatic.com/firebasejs/releases.json 200
[debug] [2020-12-09T22:33:40.230Z] <<< [apiv2][body] GET https://www.gstatic.com/firebasejs/releases.json {"current":{"version":"8.1.2","browserURL":"https://www.gstatic.com/firebasejs/8.1.2/firebase.js","packageURL":"https://www.gstatic.com/firebasejs/8.1.2/firebase.tgz"},"live":{"version":"8.1","browserURL":"https://www.gstatic.com/firebasejs/live/8.1/firebase.js","packageURL":"https://www.gstatic.com/firebasejs/live/8.1/firebase.tgz"},"components":{"analytics":"https://www.gstatic.com/firebasejs/8.1.2/firebase-analytics.js","app":"https://www.gstatic.com/firebasejs/8.1.2/firebase-app.js","auth":"https://www.gstatic.com/firebasejs/8.1.2/firebase-auth.js","database":"https://www.gstatic.com/firebasejs/8.1.2/firebase-database.js","firestore":"https://www.gstatic.com/firebasejs/8.1.2/firebase-firestore.js","functions":"https://www.gstatic.com/firebasejs/8.1.2/firebase-functions.js","installations":"https://www.gstatic.com/firebasejs/8.1.2/firebase-installations.js","messaging":"https://www.gstatic.com/firebasejs/8.1.2/firebase-messaging.js","storage":"https://www.gstatic.com/firebasejs/8.1.2/firebase-storage.js","performance":"https://www.gstatic.com/firebasejs/8.1.2/firebase-performance.js","remote-config":"https://www.gstatic.com/firebasejs/8.1.2/firebase-remote-config.js","firestore.memory":"https://www.gstatic.com/firebasejs/8.1.2/firebase-firestore.memory.js"}}
[info] +  Wrote public/index.html 
[info] 
[info] i  Detected a .git folder at D:\responsive-landing-page-coffee3d 
[info] i  Authorizing with GitHub to upload your service account to a GitHub repository's secrets store. 
[info] 
[info] Visit this URL on this device to log in:
[info] https://github.com/login/oauth/authorize?client_id=89cf50f02ac6aaed3484&state=396358873&redirect_uri=http%3A%2F%2Flocalhost%3A9005&scope=read%3Auser%20repo%20public_repo
[info] 
[info] Waiting for authentication...
[debug] [2020-12-09T22:33:49.380Z] >>> HTTP REQUEST POST https://github.com/login/oauth/access_token  
 {"client_id":"89cf50f02ac6aaed3484","client_secret":"3330d14abc895d9a74d5f17cd7a00711fa2c5bf0","code":"c3282eb1d66630c54701","redirect_uri":"http://localhost:9005","state":"396358873"}
[debug] [2020-12-09T22:33:50.230Z] <<< HTTP RESPONSE 200 {"date":"Wed, 09 Dec 2020 22:33:50 GMT","content-type":"application/json; charset=utf-8","transfer-encoding":"chunked","server":"GitHub.com","status":"200 OK","vary":"X-PJAX, Accept-Encoding, Accept, X-Requested-With, Accept-Encoding","etag":"W/\"969167fe0b5b2ecfa607fd46a2aafa65\"","cache-control":"max-age=0, private, must-revalidate","strict-transport-security":"max-age=31536000; includeSubdomains; preload","x-frame-options":"deny","x-content-type-options":"nosniff","x-xss-protection":"1; mode=block","referrer-policy":"origin-when-cross-origin, strict-origin-when-cross-origin","expect-ct":"max-age=2592000, report-uri=\"https://api.github.com/_private/browser/errors\"","content-security-policy":"default-src 'none'; base-uri 'self'; block-all-mixed-content; connect-src 'self' uploads.github.com www.githubstatus.com collector.githubapp.com api.github.com github-cloud.s3.amazonaws.com github-production-repository-file-5c1aeb.s3.amazonaws.com github-production-upload-manifest-file-7fdce7.s3.amazonaws.com github-production-user-asset-6210df.s3.amazonaws.com cdn.optimizely.com logx.optimizely.com/v1/events wss://alive.github.com; font-src github.githubassets.com; form-action 'self' github.com gist.github.com; frame-ancestors 'none'; frame-src render.githubusercontent.com; img-src 'self' data: github.githubassets.com identicons.github.com collector.githubapp.com github-cloud.s3.amazonaws.com *.githubusercontent.com; manifest-src 'self'; media-src 'none'; script-src github.githubassets.com; style-src 'unsafe-inline' github.githubassets.com; worker-src github.com/socket-worker.js gist.github.com/socket-worker.js","x-github-request-id":"CE35:6FEF:6E1AFA7:9BA894D:5FD150CD"}
[debug] [2020-12-09T22:33:50.231Z] >>> [apiv2][query] GET https://api.github.com/user [none]
[debug] [2020-12-09T22:33:51.108Z] <<< [apiv2][status] GET https://api.github.com/user 200
[debug] [2020-12-09T22:33:51.109Z] <<< [apiv2][body] GET https://api.github.com/user {"login":"fenoh3ry","id":34170795,"node_id":"MDQ6VXNlcjM0MTcwNzk1","avatar_url":"https://avatars3.githubusercontent.com/u/34170795?v=4","gravatar_id":"","url":"https://api.github.com/users/fenoh3ry","html_url":"https://github.com/fenoh3ry","followers_url":"https://api.github.com/users/fenoh3ry/followers","following_url":"https://api.github.com/users/fenoh3ry/following{/other_user}","gists_url":"https://api.github.com/users/fenoh3ry/gists{/gist_id}","starred_url":"https://api.github.com/users/fenoh3ry/starred{/owner}{/repo}","subscriptions_url":"https://api.github.com/users/fenoh3ry/subscriptions","organizations_url":"https://api.github.com/users/fenoh3ry/orgs","repos_url":"https://api.github.com/users/fenoh3ry/repos","events_url":"https://api.github.com/users/fenoh3ry/events{/privacy}","received_events_url":"https://api.github.com/users/fenoh3ry/received_events","type":"User","site_admin":false,"name":"Fenohery Fanomezanirina","company":"Fefe design","blog":"fenoh3ry.github.io","location":"Antananarivo, Madagascar","email":"fenohery.fanomezanirina@gmail.com","hireable":true,"bio":"Learn- Create -Share","twitter_username":null,"public_repos":118,"public_gists":0,"followers":22,"following":228,"created_at":"2017-12-01T19:22:11Z","updated_at":"2020-12-09T22:33:49Z","private_gists":0,"total_private_repos":7,"owned_private_repos":6,"disk_usage":375617,"collaborators":0,"two_factor_authentication":false,"plan":{"name":"free","space":976562499,"collaborators":0,"private_repos":10000}}
[info] 
[info] +  Success! Logged into GitHub as fenoh3ry 
[info] 
[debug] [2020-12-09T22:34:02.889Z] >>> [apiv2][query] GET https://api.github.com/repos//actions/secrets/public-key type=owner
[debug] [2020-12-09T22:34:03.698Z] <<< [apiv2][status] GET https://api.github.com/repos//actions/secrets/public-key 404
[debug] [2020-12-09T22:34:03.698Z] <<< [apiv2][body] GET https://api.github.com/repos//actions/secrets/public-key {"message":"Not Found","documentation_url":"https://docs.github.com/rest"}
[debug] [2020-12-09T22:34:06.696Z] >>> [apiv2][query] GET https://api.github.com/repos//actions/secrets/public-key type=owner
[debug] [2020-12-09T22:34:07.509Z] <<< [apiv2][status] GET https://api.github.com/repos//actions/secrets/public-key 404
[debug] [2020-12-09T22:34:07.509Z] <<< [apiv2][body] GET https://api.github.com/repos//actions/secrets/public-key {"message":"Not Found","documentation_url":"https://docs.github.com/rest"}
[debug] [2020-12-09T22:38:47.754Z] ----------------------------------------------------------------------
[debug] [2020-12-09T22:38:47.756Z] Command:       C:\Program Files\nodejs\node.exe C:\Users\ffeno\AppData\Roaming\npm\node_modules\firebase-tools\lib\bin\firebase.js init
[debug] [2020-12-09T22:38:47.756Z] CLI Version:   8.18.0
[debug] [2020-12-09T22:38:47.757Z] Platform:      win32
[debug] [2020-12-09T22:38:47.757Z] Node Version:  v15.3.0
[debug] [2020-12-09T22:38:47.758Z] Time:          Thu Dec 10 2020 01:38:47 GMT+0300 (heure normale de Moscou)
[debug] [2020-12-09T22:38:47.758Z] ----------------------------------------------------------------------
[debug] [2020-12-09T22:38:47.758Z] 
[debug] [2020-12-09T22:38:47.764Z] > command requires scopes: ["email","openid","https://www.googleapis.com/auth/cloudplatformprojects.readonly","https://www.googleapis.com/auth/firebase","https://www.googleapis.com/auth/cloud-platform"]
[debug] [2020-12-09T22:38:47.764Z] > authorizing via signed-in user
[info] 
     ######## #### ########  ######## ########     ###     ######  ########
     ##        ##  ##     ## ##       ##     ##  ##   ##  ##       ##
     ######    ##  ########  ######   ########  #########  ######  ######
     ##        ##  ##    ##  ##       ##     ## ##     ##       ## ##
     ##       #### ##     ## ######## ########  ##     ##  ######  ########

You're about to initialize a Firebase project in this directory:

  D:\responsive-landing-page-coffee3d

[info] 
=== Project Setup
[info] 
[info] First, let's associate this project directory with a Firebase project.
[info] You can create multiple project aliases by running firebase use --add, 
[info] but for now we'll just set up a default project.
[info] 
[debug] [2020-12-09T22:38:58.294Z] >>> HTTP REQUEST GET https://firebase.googleapis.com/v1beta1/projects?pageSize=100  
 
[debug] [2020-12-09T22:38:59.199Z] <<< HTTP RESPONSE 200 {"content-type":"application/json; charset=UTF-8","vary":"X-Origin, Referer, Origin,Accept-Encoding","date":"Wed, 09 Dec 2020 22:38:59 GMT","server":"ESF","cache-control":"private","x-xss-protection":"0","x-frame-options":"SAMEORIGIN","x-content-type-options":"nosniff","alt-svc":"h3-29=\":443\"; ma=2592000,h3-T051=\":443\"; ma=2592000,h3-Q050=\":443\"; ma=2592000,h3-Q046=\":443\"; ma=2592000,h3-Q043=\":443\"; ma=2592000,quic=\":443\"; ma=2592000; v=\"46,43\"","accept-ranges":"none","transfer-encoding":"chunked"}
[info] i  Using project apollonlab (apollonlab) 
[info] 
=== Hosting Setup
[info] 
[info] Your public directory is the folder (relative to your project directory) that
[info] will contain Hosting assets to be uploaded with firebase deploy. If you
[info] have a build process for your assets, use your build's output directory.
[info] 
[debug] [2020-12-09T22:39:07.699Z] >>> [apiv2][query] GET https://www.gstatic.com/firebasejs/releases.json [none]
[debug] [2020-12-09T22:39:08.038Z] <<< [apiv2][status] GET https://www.gstatic.com/firebasejs/releases.json 200
[debug] [2020-12-09T22:39:08.039Z] <<< [apiv2][body] GET https://www.gstatic.com/firebasejs/releases.json {"current":{"version":"8.1.2","browserURL":"https://www.gstatic.com/firebasejs/8.1.2/firebase.js","packageURL":"https://www.gstatic.com/firebasejs/8.1.2/firebase.tgz"},"live":{"version":"8.1","browserURL":"https://www.gstatic.com/firebasejs/live/8.1/firebase.js","packageURL":"https://www.gstatic.com/firebasejs/live/8.1/firebase.tgz"},"components":{"analytics":"https://www.gstatic.com/firebasejs/8.1.2/firebase-analytics.js","app":"https://www.gstatic.com/firebasejs/8.1.2/firebase-app.js","auth":"https://www.gstatic.com/firebasejs/8.1.2/firebase-auth.js","database":"https://www.gstatic.com/firebasejs/8.1.2/firebase-database.js","firestore":"https://www.gstatic.com/firebasejs/8.1.2/firebase-firestore.js","functions":"https://www.gstatic.com/firebasejs/8.1.2/firebase-functions.js","installations":"https://www.gstatic.com/firebasejs/8.1.2/firebase-installations.js","messaging":"https://www.gstatic.com/firebasejs/8.1.2/firebase-messaging.js","storage":"https://www.gstatic.com/firebasejs/8.1.2/firebase-storage.js","performance":"https://www.gstatic.com/firebasejs/8.1.2/firebase-performance.js","remote-config":"https://www.gstatic.com/firebasejs/8.1.2/firebase-remote-config.js","firestore.memory":"https://www.gstatic.com/firebasejs/8.1.2/firebase-firestore.memory.js"}}
[info] +  Wrote public/index.html 
[info] 
[info] i  Detected a .git folder at D:\responsive-landing-page-coffee3d 
[info] i  Authorizing with GitHub to upload your service account to a GitHub repository's secrets store. 
[info] 
[info] Visit this URL on this device to log in:
[info] https://github.com/login/oauth/authorize?client_id=89cf50f02ac6aaed3484&state=785320506&redirect_uri=http%3A%2F%2Flocalhost%3A9005&scope=read%3Auser%20repo%20public_repo
[info] 
[info] Waiting for authentication...
[debug] [2020-12-09T22:39:18.904Z] >>> HTTP REQUEST POST https://github.com/login/oauth/access_token  
 {"client_id":"89cf50f02ac6aaed3484","client_secret":"3330d14abc895d9a74d5f17cd7a00711fa2c5bf0","code":"b85289767ca8b6c4354b","redirect_uri":"http://localhost:9005","state":"785320506"}
[debug] [2020-12-09T22:39:19.767Z] <<< HTTP RESPONSE 200 {"date":"Wed, 09 Dec 2020 22:39:19 GMT","content-type":"application/json; charset=utf-8","transfer-encoding":"chunked","server":"GitHub.com","status":"200 OK","vary":"X-PJAX, Accept-Encoding, Accept, X-Requested-With, Accept-Encoding","etag":"W/\"8597bcc548eedc1868dae4de0a9922eb\"","cache-control":"max-age=0, private, must-revalidate","strict-transport-security":"max-age=31536000; includeSubdomains; preload","x-frame-options":"deny","x-content-type-options":"nosniff","x-xss-protection":"1; mode=block","referrer-policy":"origin-when-cross-origin, strict-origin-when-cross-origin","expect-ct":"max-age=2592000, report-uri=\"https://api.github.com/_private/browser/errors\"","content-security-policy":"default-src 'none'; base-uri 'self'; block-all-mixed-content; connect-src 'self' uploads.github.com www.githubstatus.com collector.githubapp.com api.github.com github-cloud.s3.amazonaws.com github-production-repository-file-5c1aeb.s3.amazonaws.com github-production-upload-manifest-file-7fdce7.s3.amazonaws.com github-production-user-asset-6210df.s3.amazonaws.com cdn.optimizely.com logx.optimizely.com/v1/events wss://alive.github.com; font-src github.githubassets.com; form-action 'self' github.com gist.github.com; frame-ancestors 'none'; frame-src render.githubusercontent.com; img-src 'self' data: github.githubassets.com identicons.github.com collector.githubapp.com github-cloud.s3.amazonaws.com *.githubusercontent.com; manifest-src 'self'; media-src 'none'; script-src github.githubassets.com; style-src 'unsafe-inline' github.githubassets.com; worker-src github.com/socket-worker.js gist.github.com/socket-worker.js","x-github-request-id":"CE7B:12A49:321C6E1:4571B25:5FD15217"}
[debug] [2020-12-09T22:39:19.770Z] >>> [apiv2][query] GET https://api.github.com/user [none]
[debug] [2020-12-09T22:39:20.680Z] <<< [apiv2][status] GET https://api.github.com/user 200
[debug] [2020-12-09T22:39:20.681Z] <<< [apiv2][body] GET https://api.github.com/user {"login":"fenoh3ry","id":34170795,"node_id":"MDQ6VXNlcjM0MTcwNzk1","avatar_url":"https://avatars3.githubusercontent.com/u/34170795?v=4","gravatar_id":"","url":"https://api.github.com/users/fenoh3ry","html_url":"https://github.com/fenoh3ry","followers_url":"https://api.github.com/users/fenoh3ry/followers","following_url":"https://api.github.com/users/fenoh3ry/following{/other_user}","gists_url":"https://api.github.com/users/fenoh3ry/gists{/gist_id}","starred_url":"https://api.github.com/users/fenoh3ry/starred{/owner}{/repo}","subscriptions_url":"https://api.github.com/users/fenoh3ry/subscriptions","organizations_url":"https://api.github.com/users/fenoh3ry/orgs","repos_url":"https://api.github.com/users/fenoh3ry/repos","events_url":"https://api.github.com/users/fenoh3ry/events{/privacy}","received_events_url":"https://api.github.com/users/fenoh3ry/received_events","type":"User","site_admin":false,"name":"Fenohery Fanomezanirina","company":"Fefe design","blog":"fenoh3ry.github.io","location":"Antananarivo, Madagascar","email":"fenohery.fanomezanirina@gmail.com","hireable":true,"bio":"Learn- Create -Share","twitter_username":null,"public_repos":119,"public_gists":0,"followers":22,"following":228,"created_at":"2017-12-01T19:22:11Z","updated_at":"2020-12-09T22:33:49Z","private_gists":0,"total_private_repos":7,"owned_private_repos":6,"disk_usage":375617,"collaborators":0,"two_factor_authentication":false,"plan":{"name":"free","space":976562499,"collaborators":0,"private_repos":10000}}
[info] 
[info] +  Success! Logged into GitHub as fenoh3ry 
[info] 
[debug] [2020-12-09T22:39:45.234Z] >>> [apiv2][query] GET https://api.github.com/repos/https://github.com/fenoh3ry/apollonlab_studios/actions/secrets/public-key type=owner
[debug] [2020-12-09T22:39:46.022Z] <<< [apiv2][status] GET https://api.github.com/repos/https://github.com/fenoh3ry/apollonlab_studios/actions/secrets/public-key 404
[debug] [2020-12-09T22:39:46.022Z] <<< [apiv2][body] GET https://api.github.com/repos/https://github.com/fenoh3ry/apollonlab_studios/actions/secrets/public-key {"message":"Not Found","documentation_url":"https://docs.github.com/rest"}
[debug] [2020-12-09T22:39:52.393Z] >>> [apiv2][query] GET https://api.github.com/repos/https://github.com/fenoh3ry/apollonlab_studios/actions/secrets/public-key type=owner
[debug] [2020-12-09T22:39:53.195Z] <<< [apiv2][status] GET https://api.github.com/repos/https://github.com/fenoh3ry/apollonlab_studios/actions/secrets/public-key 404
[debug] [2020-12-09T22:39:53.195Z] <<< [apiv2][body] GET https://api.github.com/repos/https://github.com/fenoh3ry/apollonlab_studios/actions/secrets/public-key {"message":"Not Found","documentation_url":"https://docs.github.com/rest"}
[debug] [2020-12-09T22:40:29.210Z] >>> [apiv2][query] GET https://api.github.com/repos/fenohery/apollonlab_studios/actions/secrets/public-key type=owner
[debug] [2020-12-09T22:40:30.082Z] <<< [apiv2][status] GET https://api.github.com/repos/fenohery/apollonlab_studios/actions/secrets/public-key 404
[debug] [2020-12-09T22:40:30.082Z] <<< [apiv2][body] GET https://api.github.com/repos/fenohery/apollonlab_studios/actions/secrets/public-key {"message":"Not Found","documentation_url":"https://docs.github.com/rest/reference/actions#get-a-repository-public-key"}
